<?xml version="1.0" encoding="utf-8"?><testsuites name="pytest tests"><testsuite name="pytest" errors="0" failures="0" skipped="0" tests="10" time="4.877" timestamp="2026-05-25T00:04:11.984339+00:00" hostname="agent-env-26969dae-b04c-4564-9702-fc04def66faf"><testcase classname="backend.tests.test_cookie_auth" name="test_login_admin_username_sets_cookies_and_no_token_in_body" time="0.476" /><testcase classname="backend.tests.test_cookie_auth" name="test_login_master_email_sets_cookies" time="0.343" /><testcase classname="backend.tests.test_cookie_auth" name="test_me_without_auth_returns_401" time="0.119" /><testcase classname="backend.tests.test_cookie_auth" name="test_me_with_cookie_only" time="0.431" /><testcase classname="backend.tests.test_cookie_auth" name="test_me_with_bearer_header_fallback" time="0.477" /><testcase classname="backend.tests.test_cookie_auth" name="test_refresh_with_cookie" time="1.415" /><testcase classname="backend.tests.test_cookie_auth" name="test_logout_clears_cookies" time="0.377" /><testcase classname="backend.tests.test_cookie_auth" name="test_dashboard_stats_via_cookie" time="0.405" /><testcase classname="backend.tests.test_cookie_auth" name="test_notifications_unread_count_via_cookie" time="0.375" /><testcase classname="backend.tests.test_cookie_auth" name="test_invalid_credentials_returns_401_and_no_cookie" time="0.338" /></testsuite></testsuites>