<?xml version="1.0" encoding="utf-8"?><testsuites name="pytest tests"><testsuite name="pytest" errors="0" failures="1" skipped="0" tests="32" time="14.312" timestamp="2026-05-23T19:18:01.775987+00:00" hostname="agent-env-5c032e95-f192-4f1e-9912-e148ac5967e7"><testcase classname="backend.tests.test_multitenant_saas.TestAuth" name="test_seed_idempotent" time="0.395" /><testcase classname="backend.tests.test_multitenant_saas.TestAuth" name="test_login_invalid" time="0.113" /><testcase classname="backend.tests.test_multitenant_saas.TestAuth" name="test_login_all_roles" time="1.504" /><testcase classname="backend.tests.test_multitenant_saas.TestAuth" name="test_auth_me" time="0.153" /><testcase classname="backend.tests.test_multitenant_saas.TestAuth" name="test_auth_refresh" time="0.455" /><testcase classname="backend.tests.test_multitenant_saas.TestAuth" name="test_auth_no_token" time="0.124" /><testcase classname="backend.tests.test_multitenant_saas.TestAuth" name="test_validation_email_invalid" time="0.419" /><testcase classname="backend.tests.test_multitenant_saas.TestAuth" name="test_validation_password_short" time="0.122" /><testcase classname="backend.tests.test_multitenant_saas.TestRBAC" name="test_tenants_master_only" time="2.675" /><testcase classname="backend.tests.test_multitenant_saas.TestRBAC" name="test_users_admin_sees_own_tenant" time="0.281" /><testcase classname="backend.tests.test_multitenant_saas.TestRBAC" name="test_users_op_forbidden" time="0.105" /><testcase classname="backend.tests.test_multitenant_saas.TestIsolation" name="test_create_second_tenant" time="0.859" /><testcase classname="backend.tests.test_multitenant_saas.TestIsolation" name="test_warehouses_isolated" time="0.209" /><testcase classname="backend.tests.test_multitenant_saas.TestIsolation" name="test_products_isolated" time="0.333" /><testcase classname="backend.tests.test_multitenant_saas.TestWarehouses" name="test_op_sees_only_own" time="0.131" /><testcase classname="backend.tests.test_multitenant_saas.TestWarehouses" name="test_filho_requires_parent" time="0.109" /><testcase classname="backend.tests.test_multitenant_saas.TestWarehouses" name="test_master_cannot_create_warehouse" time="0.108" /><testcase classname="backend.tests.test_multitenant_saas.TestRequisitions" name="test_op_create_requisition" time="0.338" /><testcase classname="backend.tests.test_multitenant_saas.TestRequisitions" name="test_logistica_user_cant_create_requisition" time="0.112" /><testcase classname="backend.tests.test_multitenant_saas.TestRequisitions" name="test_op_cannot_approve" time="0.226" /><testcase classname="backend.tests.test_multitenant_saas.TestRequisitions" name="test_logistica_approve_transfers_stock" time="1.744" /><testcase classname="backend.tests.test_multitenant_saas.TestRequisitions" name="test_approve_insufficient_stock" time="0.882" /><testcase classname="backend.tests.test_multitenant_saas.TestRequisitions" name="test_reject_requisition" time="0.629" /><testcase classname="backend.tests.test_multitenant_saas.TestRequisitions" name="test_idor_requisition_cross_tenant" time="0.216" /><testcase classname="backend.tests.test_multitenant_saas.TestSuppliersInvoices" name="test_supplier_crud_and_isolation" time="0.324" /><testcase classname="backend.tests.test_multitenant_saas.TestSuppliersInvoices" name="test_invoice_create_and_process" time="0.345" /><testcase classname="backend.tests.test_multitenant_saas.TestDashboardReports" name="test_dashboard_stats" time="0.112" /><testcase classname="backend.tests.test_multitenant_saas.TestDashboardReports" name="test_reports_rbac" time="0.487" /><testcase classname="backend.tests.test_multitenant_saas.TestDashboardReports" name="test_audit_logs_pt" time="0.108" /><testcase classname="backend.tests.test_multitenant_saas.TestValidation" name="test_sanitize_strips_special_chars" time="0.124" /><testcase classname="backend.tests.test_multitenant_saas.TestValidation" name="test_duplicate_email_register" time="0.113" /><testcase classname="backend.tests.test_multitenant_saas.TestValidation" name="test_operacional_requires_warehouse" time="0.118"><failure message="assert 422 == 400&#10; +  where 422 = &lt;Response [422]&gt;.status_code">backend/tests/test_multitenant_saas.py:389: in test_operacional_requires_warehouse
    assert r.status_code == 400
E   assert 422 == 400
E    +  where 422 = &lt;Response [422]&gt;.status_code</failure></testcase></testsuite></testsuites>